[withmyown2hands.org/index.html]
[backblue.gif]
[fade.gif]
[index.html]
[uploads-ssl.webflow.com/607a59149948770796d334fc/css/wmo2h.webflow.7e7d7da7e.min.css]
[ajax.googleapis.com/ajax/libs/webfont/1.6.26/webfont.js]
[uploads-ssl.webflow.com/607a59149948770796d334fc/60a42ef3b53ce431e51b5544_FavIcon.png]
[uploads-ssl.webflow.com/607a59149948770796d334fc/60a42ef73c1dfb951f6216a3_FavIcon-1.png]
[connect.facebook.net/en_US/fbevents.js]
[uploads-ssl.webflow.com/607a59149948770796d334fc/608b352ba630e580641b50b0_wmo2h-logo-two-line.png]
[withmyown2hands.org/our-work.html]
[withmyown2hands.org/contact-us.html]
[withmyown2hands.org/mailing-list-subscribers.html]
[uploads-ssl.webflow.com/607a59149948770796d334fc/60a20724500d082998a44111_home-intro.jpg]
[uploads-ssl.webflow.com/607a59149948770796d334fc/60a208194b1a7d12dcb5bc2c_home-sections.jpg]
[uploads-ssl.webflow.com/607a59149948770796d334fc/608b41c78672b5507437f265_home-stories-jane.jpg]
[uploads-ssl.webflow.com/607a59149948770796d334fc/608b34b33eb651731cafb367_logo.png]
[d3e54v103j8qbb.cloudfront.net/js/jquery-3.5.1.min.dc5e7f18c85246.js]
[withmyown2hands.org/index.html]
[uploads-ssl.webflow.com/607a59149948770796d334fc/js/webflow.1f5c99407.js]
[uploads-ssl.webflow.com/607a59149948770796d334fc/60c67a80db5df6b777e6ab64_home-hero-placeholder.png]
[uploads-ssl.webflow.com/607a59149948770796d334fc/6101a55d512d485fa526c5cd_Screen Shot 2021-07-28 at 11.43.24 AM.png]
[uploads-ssl.webflow.com/607a59149948770796d334fc/610b218c81e0481a83d7b5e3_IMG_7593.jpg]
[uploads-ssl.webflow.com/607a59149948770796d334fc/614e35a6fa7618434b882303_Screen Shot 2021-09-24 at 1.30.47 PM.png]
[uploads-ssl.webflow.com/607a59149948770796d334fc/61967a5a7f0ca26b72586115_Screen Shot 2021-11-18 at 8.06.59 AM.png]
[uploads-ssl.webflow.com/607a59149948770796d334fc/6271c72cdd0dbb06b7ea019f_Screen Shot 2022-05-03 at 5.21.14 PM.png]
[uploads-ssl.webflow.com/607a59149948770796d334fc/6271c731ecea447729e107d4_Screen Shot 2022-05-03 at 5.20.33 PM.png]
[uploads-ssl.webflow.com/607a59149948770796d334fc/62a8c7e862ba842a81c15307_Newsletter Example Header2-7.png]
[uploads-ssl.webflow.com/607a59149948770796d334fc/62a0f1cbea6ebda933f7acfb_LindseyMeeting2.png]
[uploads-ssl.webflow.com/607a59149948770796d334fc/626340dd30749f51156b5f22_Screen Shot 2022-04-22 at 4.57.00 PM.png]
[uploads-ssl.webflow.com/607a59149948770796d334fc/css/wmo2h.webflow.7e7d7da7e.min.css]
[connect.facebook.net/en_US/fbevents.js]
[uploads-ssl.webflow.com/607a59149948770796d334fc/608b3805611cbbc8602e0066_work-header.jpg]
[uploads-ssl.webflow.com/607a59149948770796d334fc/608b40c6ddee81e1e116dfd5_work-intro.jpg]
[uploads-ssl.webflow.com/607a59149948770796d334fc/608b38e3611cbba9ac2e031c_work-mission.jpg]
[uploads-ssl.webflow.com/607a59149948770796d334fc/6192de2f2727969f9a081127_Screen Shot 2021-11-15 at 2.24.33 PM.png]
[uploads-ssl.webflow.com/607a59149948770796d334fc/608b396581e347b00b18141f_work-model-2.jpg]
[uploads-ssl.webflow.com/607a59149948770796d334fc/60f197f6c79d869fc5bfde8a_WMOTH St Lucy 2021-174.jpg]
[uploads-ssl.webflow.com/607a59149948770796d334fc/62633d2a66b180e7d3a7cc1f_Screen Shot 2022-04-22 at 4.41.14 PM.png]
[uploads-ssl.webflow.com/607a59149948770796d334fc/608b3b10f8d09420dd209d08_footer.jpg]
[withmyown2hands.org/our-work.html]
[uploads-ssl.webflow.com/607a59149948770796d334fc/60a20ec4dfec46d4668f28b2_contact-1.jpg]
[uploads-ssl.webflow.com/607a59149948770796d334fc/60a20ec567b6fcc29bb7064d_contact-2.jpg]
[uploads-ssl.webflow.com/607a59149948770796d334fc/60a20ec5b9e17520f72fe083_contact-3.jpg]
[withmyown2hands.org/contact-us.html]
[withmyown2hands.org/mailing-list-subscribers.html]
[withmyown2hands.org/why-water-agriculture]
[withmyown2hands.org/our-model]
[withmyown2hands.org/our-solution]
[withmyown2hands.org/sustainable-development]
[withmyown2hands.org/our-impact.html]
[withmyown2hands.org/proof-of-impact]
[withmyown2hands.org/about-us]
[withmyown2hands.org/documentaries]
[withmyown2hands.org/journal]
[withmyown2hands.org/get-involved.html]
[withmyown2hands.org/thrive]
[withmyown2hands.org/9th-annual-screening.html]
[withmyown2hands.org/donate]
[withmyown2hands.org/c]
[withmyown2hands.org/b]
[withmyown2hands.org/POST]
